# JRE version: OpenJDK Runtime Environment (8.0_45-b14) (build 1.8.0_45-internal-b14)
# Java VM: OpenJDK 64-Bit Server VM (25.45-b02 mixed mode linux-amd64 compressed oops)
Heap:
 PSYoungGen      total 129536K, used 8673K [0x00000000ed000000, 0x00000000f5900000, 0x0000000100000000)
  eden space 120832K, 0% used [0x00000000ed000000,0x00000000ed000000,0x00000000f4600000)
  from space 8704K, 99% used [0x00000000f4600000,0x00000000f4e78780,0x00000000f4e80000)
  to   space 6656K, 0% used [0x00000000f4e80000,0x00000000f4e80000,0x00000000f5500000)
 ParOldGen       total 39936K, used 19952K [0x00000000c7000000, 0x00000000c9700000, 0x00000000ed000000)
  object space 39936K, 49% used [0x00000000c7000000,0x00000000c837c388,0x00000000c9700000)
 Metaspace       used 20541K, capacity 21070K, committed 21296K, reserved 1069056K
  class space    used 2379K, capacity 2563K, committed 2688K, reserved 1048576K
GC Heap History (10 events):
Event: 2,778 GC heap after
Heap after GC invocations=4 (full 0):
 PSYoungGen      total 32768K, used 2032K [0x00000000ed000000, 0x00000000ef200000, 0x0000000100000000)
  eden space 30720K, 0% used [0x00000000ed000000,0x00000000ed000000,0x00000000eee00000)
  from space 2048K, 99% used [0x00000000ef000000,0x00000000ef1fc010,0x00000000ef200000)
  to   space 2048K, 0% used [0x00000000eee00000,0x00000000eee00000,0x00000000ef000000)
 ParOldGen       total 39936K, used 3742K [0x00000000c7000000, 0x00000000c9700000, 0x00000000ed000000)
  object space 39936K, 9% used [0x00000000c7000000,0x00000000c73a7918,0x00000000c9700000)
 Metaspace       used 10137K, capacity 10344K, committed 10624K, reserved 1058816K
  class space    used 1261K, capacity 1313K, committed 1408K, reserved 1048576K
}
Event: 4,080 GC heap before
{Heap before GC invocations=5 (full 0):
 PSYoungGen      total 32768K, used 32752K [0x00000000ed000000, 0x00000000ef200000, 0x0000000100000000)
  eden space 30720K, 100% used [0x00000000ed000000,0x00000000eee00000,0x00000000eee00000)
  from space 2048K, 99% used [0x00000000ef000000,0x00000000ef1fc010,0x00000000ef200000)
  to   space 2048K, 0% used [0x00000000eee00000,0x00000000eee00000,0x00000000ef000000)
 ParOldGen       total 39936K, used 3742K [0x00000000c7000000, 0x00000000c9700000, 0x00000000ed000000)
  object space 39936K, 9% used [0x00000000c7000000,0x00000000c73a7918,0x00000000c9700000)
 Metaspace       used 13295K, capacity 13670K, committed 13824K, reserved 1060864K
  class space    used 1581K, capacity 1694K, committed 1792K, reserved 1048576K
Event: 4,088 GC heap after
Heap after GC invocations=5 (full 0):
 PSYoungGen      total 32768K, used 2016K [0x00000000ed000000, 0x00000000f1800000, 0x0000000100000000)
  eden space 30720K, 0% used [0x00000000ed000000,0x00000000ed000000,0x00000000eee00000)
  from space 2048K, 98% used [0x00000000eee00000,0x00000000eeff8020,0x00000000ef000000)
  to   space 6144K, 0% used [0x00000000f1200000,0x00000000f1200000,0x00000000f1800000)
 ParOldGen       total 39936K, used 7543K [0x00000000c7000000, 0x00000000c9700000, 0x00000000ed000000)
  object space 39936K, 18% used [0x00000000c7000000,0x00000000c775dde8,0x00000000c9700000)
 Metaspace       used 13295K, capacity 13670K, committed 13824K, reserved 1060864K
  class space    used 1581K, capacity 1694K, committed 1792K, reserved 1048576K
}
Event: 5,248 GC heap before
{Heap before GC invocations=6 (full 0):
 PSYoungGen      total 32768K, used 32736K [0x00000000ed000000, 0x00000000f1800000, 0x0000000100000000)
  eden space 30720K, 100% used [0x00000000ed000000,0x00000000eee00000,0x00000000eee00000)
  from space 2048K, 98% used [0x00000000eee00000,0x00000000eeff8020,0x00000000ef000000)
  to   space 6144K, 0% used [0x00000000f1200000,0x00000000f1200000,0x00000000f1800000)
 ParOldGen       total 39936K, used 7543K [0x00000000c7000000, 0x00000000c9700000, 0x00000000ed000000)
  object space 39936K, 18% used [0x00000000c7000000,0x00000000c775dde8,0x00000000c9700000)
 Metaspace       used 13634K, capacity 14002K, committed 14336K, reserved 1062912K
  class space    used 1598K, capacity 1696K, committed 1792K, reserved 1048576K
Event: 5,264 GC heap after
Heap after GC invocations=6 (full 0):
 PSYoungGen      total 66560K, used 3536K [0x00000000ed000000, 0x00000000f1700000, 0x0000000100000000)
  eden space 61440K, 0% used [0x00000000ed000000,0x00000000ed000000,0x00000000f0c00000)
  from space 5120K, 69% used [0x00000000f1200000,0x00000000f1574030,0x00000000f1700000)
  to   space 5632K, 0% used [0x00000000f0c00000,0x00000000f0c00000,0x00000000f1180000)
 ParOldGen       total 39936K, used 7551K [0x00000000c7000000, 0x00000000c9700000, 0x00000000ed000000)
  object space 39936K, 18% used [0x00000000c7000000,0x00000000c775fde8,0x00000000c9700000)
 Metaspace       used 13634K, capacity 14002K, committed 14336K, reserved 1062912K
  class space    used 1598K, capacity 1696K, committed 1792K, reserved 1048576K
}
Event: 6,629 GC heap before
{Heap before GC invocations=7 (full 0):
 PSYoungGen      total 66560K, used 64976K [0x00000000ed000000, 0x00000000f1700000, 0x0000000100000000)
  eden space 61440K, 100% used [0x00000000ed000000,0x00000000f0c00000,0x00000000f0c00000)
  from space 5120K, 69% used [0x00000000f1200000,0x00000000f1574030,0x00000000f1700000)
  to   space 5632K, 0% used [0x00000000f0c00000,0x00000000f0c00000,0x00000000f1180000)
 ParOldGen       total 39936K, used 7551K [0x00000000c7000000, 0x00000000c9700000, 0x00000000ed000000)
  object space 39936K, 18% used [0x00000000c7000000,0x00000000c775fde8,0x00000000c9700000)
 Metaspace       used 14240K, capacity 14674K, committed 14848K, reserved 1062912K
  class space    used 1639K, capacity 1771K, committed 1792K, reserved 1048576K
Event: 6,670 GC heap after
Heap after GC invocations=7 (full 0):
 PSYoungGen      total 67072K, used 5632K [0x00000000ed000000, 0x00000000f5500000, 0x0000000100000000)
  eden space 61440K, 0% used [0x00000000ed000000,0x00000000ed000000,0x00000000f0c00000)
  from space 5632K, 100% used [0x00000000f0c00000,0x00000000f1180000,0x00000000f1180000)
  to   space 6656K, 0% used [0x00000000f4e80000,0x00000000f4e80000,0x00000000f5500000)
 ParOldGen       total 39936K, used 8095K [0x00000000c7000000, 0x00000000c9700000, 0x00000000ed000000)
  object space 39936K, 20% used [0x00000000c7000000,0x00000000c77e7e28,0x00000000c9700000)
 Metaspace       used 14240K, capacity 14674K, committed 14848K, reserved 1062912K
  class space    used 1639K, capacity 1771K, committed 1792K, reserved 1048576K
}
Event: 9,440 GC heap before
{Heap before GC invocations=8 (full 0):
 PSYoungGen      total 67072K, used 67047K [0x00000000ed000000, 0x00000000f5500000, 0x0000000100000000)
  eden space 61440K, 99% used [0x00000000ed000000,0x00000000f0bf9c00,0x00000000f0c00000)
  from space 5632K, 100% used [0x00000000f0c00000,0x00000000f1180000,0x00000000f1180000)
  to   space 6656K, 0% used [0x00000000f4e80000,0x00000000f4e80000,0x00000000f5500000)
 ParOldGen       total 39936K, used 8095K [0x00000000c7000000, 0x00000000c9700000, 0x00000000ed000000)
  object space 39936K, 20% used [0x00000000c7000000,0x00000000c77e7e28,0x00000000c9700000)
 Metaspace       used 18672K, capacity 19278K, committed 19584K, reserved 1067008K
  class space    used 2195K, capacity 2371K, committed 2432K, reserved 1048576K
Event: 9,469 GC heap after
Heap after GC invocations=8 (full 0):
 PSYoungGen      total 127488K, used 6650K [0x00000000ed000000, 0x00000000f5900000, 0x0000000100000000)
  eden space 120832K, 0% used [0x00000000ed000000,0x00000000ed000000,0x00000000f4600000)
  from space 6656K, 99% used [0x00000000f4e80000,0x00000000f54feaf0,0x00000000f5500000)
  to   space 8704K, 0% used [0x00000000f4600000,0x00000000f4600000,0x00000000f4e80000)
 ParOldGen       total 39936K, used 9970K [0x00000000c7000000, 0x00000000c9700000, 0x00000000ed000000)
  object space 39936K, 24% used [0x00000000c7000000,0x00000000c79bca90,0x00000000c9700000)
 Metaspace       used 18672K, capacity 19278K, committed 19584K, reserved 1067008K
  class space    used 2195K, capacity 2371K, committed 2432K, reserved 1048576K
}
Event: 14,184 GC heap before
{Heap before GC invocations=9 (full 0):
 PSYoungGen      total 127488K, used 51944K [0x00000000ed000000, 0x00000000f5900000, 0x0000000100000000)
  eden space 120832K, 37% used [0x00000000ed000000,0x00000000efc3b6f8,0x00000000f4600000)
  from space 6656K, 99% used [0x00000000f4e80000,0x00000000f54feaf0,0x00000000f5500000)
  to   space 8704K, 0% used [0x00000000f4600000,0x00000000f4600000,0x00000000f4e80000)
 ParOldGen       total 39936K, used 9970K [0x00000000c7000000, 0x00000000c9700000, 0x00000000ed000000)
  object space 39936K, 24% used [0x00000000c7000000,0x00000000c79bca90,0x00000000c9700000)
 Metaspace       used 20541K, capacity 21070K, committed 21296K, reserved 1069056K
  class space    used 2379K, capacity 2563K, committed 2688K, reserved 1048576K

