# JRE version: OpenJDK Runtime Environment (8.0_45-b14) (build 1.8.0_45-internal-b14)
# Java VM: OpenJDK 64-Bit Server VM (25.45-b02 mixed mode linux-amd64 compressed oops)
Heap:
 PSYoungGen      total 104960K, used 7151K [0x00000000ed000000, 0x00000000f3d80000, 0x0000000100000000)
  eden space 97792K, 0% used [0x00000000ed000000,0x00000000ed000000,0x00000000f2f80000)
  from space 7168K, 99% used [0x00000000f2f80000,0x00000000f367bf00,0x00000000f3680000)
  to   space 6656K, 0% used [0x00000000f3700000,0x00000000f3700000,0x00000000f3d80000)
 ParOldGen       total 34304K, used 23542K [0x00000000c7000000, 0x00000000c9180000, 0x00000000ed000000)
  object space 34304K, 68% used [0x00000000c7000000,0x00000000c86fdaf0,0x00000000c9180000)
 Metaspace       used 24904K, capacity 25580K, committed 25856K, reserved 1073152K
  class space    used 2769K, capacity 2999K, committed 3072K, reserved 1048576K
GC Heap History (10 events):
Event: 5,154 GC heap after
Heap after GC invocations=7 (full 0):
 PSYoungGen      total 35840K, used 3904K [0x00000000ed000000, 0x00000000f1600000, 0x0000000100000000)
  eden space 30720K, 0% used [0x00000000ed000000,0x00000000ed000000,0x00000000eee00000)
  from space 5120K, 76% used [0x00000000eee00000,0x00000000ef1d0020,0x00000000ef300000)
  to   space 5120K, 0% used [0x00000000f1100000,0x00000000f1100000,0x00000000f1600000)
 ParOldGen       total 39936K, used 7819K [0x00000000c7000000, 0x00000000c9700000, 0x00000000ed000000)
  object space 39936K, 19% used [0x00000000c7000000,0x00000000c77a2f28,0x00000000c9700000)
 Metaspace       used 13700K, capacity 14062K, committed 14336K, reserved 1062912K
  class space    used 1593K, capacity 1699K, committed 1792K, reserved 1048576K
}
Event: 5,592 GC heap before
{Heap before GC invocations=8 (full 0):
 PSYoungGen      total 35840K, used 34624K [0x00000000ed000000, 0x00000000f1600000, 0x0000000100000000)
  eden space 30720K, 100% used [0x00000000ed000000,0x00000000eee00000,0x00000000eee00000)
  from space 5120K, 76% used [0x00000000eee00000,0x00000000ef1d0020,0x00000000ef300000)
  to   space 5120K, 0% used [0x00000000f1100000,0x00000000f1100000,0x00000000f1600000)
 ParOldGen       total 39936K, used 7819K [0x00000000c7000000, 0x00000000c9700000, 0x00000000ed000000)
  object space 39936K, 19% used [0x00000000c7000000,0x00000000c77a2f28,0x00000000c9700000)
 Metaspace       used 13907K, capacity 14254K, committed 14592K, reserved 1062912K
  class space    used 1595K, capacity 1699K, committed 1792K, reserved 1048576K
Event: 5,606 GC heap after
Heap after GC invocations=8 (full 0):
 PSYoungGen      total 66048K, used 4400K [0x00000000ed000000, 0x00000000f1700000, 0x0000000100000000)
  eden space 60928K, 0% used [0x00000000ed000000,0x00000000ed000000,0x00000000f0b80000)
  from space 5120K, 85% used [0x00000000f1100000,0x00000000f154c010,0x00000000f1600000)
  to   space 5632K, 0% used [0x00000000f0b80000,0x00000000f0b80000,0x00000000f1100000)
 ParOldGen       total 39936K, used 8387K [0x00000000c7000000, 0x00000000c9700000, 0x00000000ed000000)
  object space 39936K, 21% used [0x00000000c7000000,0x00000000c7830f28,0x00000000c9700000)
 Metaspace       used 13907K, capacity 14254K, committed 14592K, reserved 1062912K
  class space    used 1595K, capacity 1699K, committed 1792K, reserved 1048576K
}
Event: 26,197 GC heap before
{Heap before GC invocations=9 (full 0):
 PSYoungGen      total 66048K, used 65328K [0x00000000ed000000, 0x00000000f1700000, 0x0000000100000000)
  eden space 60928K, 100% used [0x00000000ed000000,0x00000000f0b80000,0x00000000f0b80000)
  from space 5120K, 85% used [0x00000000f1100000,0x00000000f154c010,0x00000000f1600000)
  to   space 5632K, 0% used [0x00000000f0b80000,0x00000000f0b80000,0x00000000f1100000)
 ParOldGen       total 39936K, used 8387K [0x00000000c7000000, 0x00000000c9700000, 0x00000000ed000000)
  object space 39936K, 21% used [0x00000000c7000000,0x00000000c7830f28,0x00000000c9700000)
 Metaspace       used 17410K, capacity 17928K, committed 18048K, reserved 1064960K
  class space    used 1960K, capacity 2112K, committed 2176K, reserved 1048576K
Event: 26,209 GC heap after
Heap after GC invocations=9 (full 0):
 PSYoungGen      total 66560K, used 5615K [0x00000000ed000000, 0x00000000f3e80000, 0x0000000100000000)
  eden space 60928K, 0% used [0x00000000ed000000,0x00000000ed000000,0x00000000f0b80000)
  from space 5632K, 99% used [0x00000000f0b80000,0x00000000f10fbc08,0x00000000f1100000)
  to   space 7680K, 0% used [0x00000000f3700000,0x00000000f3700000,0x00000000f3e80000)
 ParOldGen       total 39936K, used 11749K [0x00000000c7000000, 0x00000000c9700000, 0x00000000ed000000)
  object space 39936K, 29% used [0x00000000c7000000,0x00000000c7b797b8,0x00000000c9700000)
 Metaspace       used 17410K, capacity 17928K, committed 18048K, reserved 1064960K
  class space    used 1960K, capacity 2112K, committed 2176K, reserved 1048576K
}
Event: 27,364 GC heap before
{Heap before GC invocations=10 (full 0):
 PSYoungGen      total 66560K, used 38050K [0x00000000ed000000, 0x00000000f3e80000, 0x0000000100000000)
  eden space 60928K, 53% used [0x00000000ed000000,0x00000000eefacef0,0x00000000f0b80000)
  from space 5632K, 99% used [0x00000000f0b80000,0x00000000f10fbc08,0x00000000f1100000)
  to   space 7680K, 0% used [0x00000000f3700000,0x00000000f3700000,0x00000000f3e80000)
 ParOldGen       total 39936K, used 11749K [0x00000000c7000000, 0x00000000c9700000, 0x00000000ed000000)
  object space 39936K, 29% used [0x00000000c7000000,0x00000000c7b797b8,0x00000000c9700000)
 Metaspace       used 20510K, capacity 21100K, committed 21296K, reserved 1069056K
  class space    used 2382K, capacity 2576K, committed 2688K, reserved 1048576K
Event: 27,373 GC heap after
Heap after GC invocations=10 (full 0):
 PSYoungGen      total 104448K, used 4205K [0x00000000ed000000, 0x00000000f3d80000, 0x0000000100000000)
  eden space 97792K, 0% used [0x00000000ed000000,0x00000000ed000000,0x00000000f2f80000)
  from space 6656K, 63% used [0x00000000f3700000,0x00000000f3b1b450,0x00000000f3d80000)
  to   space 7168K, 0% used [0x00000000f2f80000,0x00000000f2f80000,0x00000000f3680000)
 ParOldGen       total 39936K, used 13877K [0x00000000c7000000, 0x00000000c9700000, 0x00000000ed000000)
  object space 39936K, 34% used [0x00000000c7000000,0x00000000c7d8d7b8,0x00000000c9700000)
 Metaspace       used 20510K, capacity 21100K, committed 21296K, reserved 1069056K
  class space    used 2382K, capacity 2576K, committed 2688K, reserved 1048576K
}
Event: 27,373 GC heap before
{Heap before GC invocations=11 (full 1):
 PSYoungGen      total 104448K, used 4205K [0x00000000ed000000, 0x00000000f3d80000, 0x0000000100000000)
  eden space 97792K, 0% used [0x00000000ed000000,0x00000000ed000000,0x00000000f2f80000)
  from space 6656K, 63% used [0x00000000f3700000,0x00000000f3b1b450,0x00000000f3d80000)
  to   space 7168K, 0% used [0x00000000f2f80000,0x00000000f2f80000,0x00000000f3680000)
 ParOldGen       total 39936K, used 13877K [0x00000000c7000000, 0x00000000c9700000, 0x00000000ed000000)
  object space 39936K, 34% used [0x00000000c7000000,0x00000000c7d8d7b8,0x00000000c9700000)
 Metaspace       used 20510K, capacity 21100K, committed 21296K, reserved 1069056K
  class space    used 2382K, capacity 2576K, committed 2688K, reserved 1048576K
Event: 27,468 GC heap after
Heap after GC invocations=11 (full 1):
 PSYoungGen      total 104448K, used 0K [0x00000000ed000000, 0x00000000f3d80000, 0x0000000100000000)
  eden space 97792K, 0% used [0x00000000ed000000,0x00000000ed000000,0x00000000f2f80000)
  from space 6656K, 0% used [0x00000000f3700000,0x00000000f3700000,0x00000000f3d80000)
  to   space 7168K, 0% used [0x00000000f2f80000,0x00000000f2f80000,0x00000000f3680000)
 ParOldGen       total 34304K, used 11286K [0x00000000c7000000, 0x00000000c9180000, 0x00000000ed000000)
  object space 34304K, 32% used [0x00000000c7000000,0x00000000c7b05a58,0x00000000c9180000)
 Metaspace       used 20510K, capacity 21100K, committed 21296K, reserved 1069056K
  class space    used 2382K, capacity 2576K, committed 2688K, reserved 1048576K
}
Event: 35,362 GC heap before
{Heap before GC invocations=12 (full 1):
 PSYoungGen      total 104448K, used 97792K [0x00000000ed000000, 0x00000000f3d80000, 0x0000000100000000)
  eden space 97792K, 100% used [0x00000000ed000000,0x00000000f2f80000,0x00000000f2f80000)
  from space 6656K, 0% used [0x00000000f3700000,0x00000000f3700000,0x00000000f3d80000)
  to   space 7168K, 0% used [0x00000000f2f80000,0x00000000f2f80000,0x00000000f3680000)
 ParOldGen       total 34304K, used 11286K [0x00000000c7000000, 0x00000000c9180000, 0x00000000ed000000)
  object space 34304K, 32% used [0x00000000c7000000,0x00000000c7b05a58,0x00000000c9180000)
 Metaspace       used 24904K, capacity 25580K, committed 25856K, reserved 1073152K
  class space    used 2769K, capacity 2999K, committed 3072K, reserved 1048576K

