# JRE version: OpenJDK Runtime Environment (8.0_45-b14) (build 1.8.0_45-internal-b14)
# Java VM: OpenJDK 64-Bit Server VM (25.45-b02 mixed mode linux-amd64 compressed oops)
Heap:
 PSYoungGen      total 129536K, used 8173K [0x00000000ed000000, 0x00000000f5800000, 0x0000000100000000)
  eden space 121344K, 0% used [0x00000000ed000000,0x00000000ed000000,0x00000000f4680000)
  from space 8192K, 99% used [0x00000000f4680000,0x00000000f4e7b750,0x00000000f4e80000)
  to   space 6656K, 0% used [0x00000000f4e80000,0x00000000f4e80000,0x00000000f5500000)
 ParOldGen       total 39936K, used 20608K [0x00000000c7000000, 0x00000000c9700000, 0x00000000ed000000)
  object space 39936K, 51% used [0x00000000c7000000,0x00000000c8420278,0x00000000c9700000)
 Metaspace       used 20528K, capacity 21070K, committed 21296K, reserved 1069056K
  class space    used 2364K, capacity 2563K, committed 2688K, reserved 1048576K
GC Heap History (10 events):
Event: 4,529 GC heap after
Heap after GC invocations=4 (full 0):
 PSYoungGen      total 32768K, used 2048K [0x00000000ed000000, 0x00000000ef200000, 0x0000000100000000)
  eden space 30720K, 0% used [0x00000000ed000000,0x00000000ed000000,0x00000000eee00000)
  from space 2048K, 100% used [0x00000000ef000000,0x00000000ef200000,0x00000000ef200000)
  to   space 2048K, 0% used [0x00000000eee00000,0x00000000eee00000,0x00000000ef000000)
 ParOldGen       total 39936K, used 4158K [0x00000000c7000000, 0x00000000c9700000, 0x00000000ed000000)
  object space 39936K, 10% used [0x00000000c7000000,0x00000000c740f808,0x00000000c9700000)
 Metaspace       used 10437K, capacity 10664K, committed 10880K, reserved 1058816K
  class space    used 1287K, capacity 1377K, committed 1408K, reserved 1048576K
}
Event: 5,884 GC heap before
{Heap before GC invocations=5 (full 0):
 PSYoungGen      total 32768K, used 32768K [0x00000000ed000000, 0x00000000ef200000, 0x0000000100000000)
  eden space 30720K, 100% used [0x00000000ed000000,0x00000000eee00000,0x00000000eee00000)
  from space 2048K, 100% used [0x00000000ef000000,0x00000000ef200000,0x00000000ef200000)
  to   space 2048K, 0% used [0x00000000eee00000,0x00000000eee00000,0x00000000ef000000)
 ParOldGen       total 39936K, used 4158K [0x00000000c7000000, 0x00000000c9700000, 0x00000000ed000000)
  object space 39936K, 10% used [0x00000000c7000000,0x00000000c740f808,0x00000000c9700000)
 Metaspace       used 13335K, capacity 13676K, committed 13824K, reserved 1060864K
  class space    used 1579K, capacity 1695K, committed 1792K, reserved 1048576K
Event: 5,908 GC heap after
Heap after GC invocations=5 (full 0):
 PSYoungGen      total 32768K, used 2048K [0x00000000ed000000, 0x00000000f1800000, 0x0000000100000000)
  eden space 30720K, 0% used [0x00000000ed000000,0x00000000ed000000,0x00000000eee00000)
  from space 2048K, 100% used [0x00000000eee00000,0x00000000ef000000,0x00000000ef000000)
  to   space 6144K, 0% used [0x00000000f1200000,0x00000000f1200000,0x00000000f1800000)
 ParOldGen       total 39936K, used 7936K [0x00000000c7000000, 0x00000000c9700000, 0x00000000ed000000)
  object space 39936K, 19% used [0x00000000c7000000,0x00000000c77c00b0,0x00000000c9700000)
 Metaspace       used 13335K, capacity 13676K, committed 13824K, reserved 1060864K
  class space    used 1579K, capacity 1695K, committed 1792K, reserved 1048576K
}
Event: 6,744 GC heap before
{Heap before GC invocations=6 (full 0):
 PSYoungGen      total 32768K, used 32768K [0x00000000ed000000, 0x00000000f1800000, 0x0000000100000000)
  eden space 30720K, 100% used [0x00000000ed000000,0x00000000eee00000,0x00000000eee00000)
  from space 2048K, 100% used [0x00000000eee00000,0x00000000ef000000,0x00000000ef000000)
  to   space 6144K, 0% used [0x00000000f1200000,0x00000000f1200000,0x00000000f1800000)
 ParOldGen       total 39936K, used 7936K [0x00000000c7000000, 0x00000000c9700000, 0x00000000ed000000)
  object space 39936K, 19% used [0x00000000c7000000,0x00000000c77c00b0,0x00000000c9700000)
 Metaspace       used 13654K, capacity 14002K, committed 14336K, reserved 1062912K
  class space    used 1596K, capacity 1696K, committed 1792K, reserved 1048576K
Event: 6,794 GC heap after
Heap after GC invocations=6 (full 0):
 PSYoungGen      total 67584K, used 3616K [0x00000000ed000000, 0x00000000f1800000, 0x0000000100000000)
  eden space 61440K, 0% used [0x00000000ed000000,0x00000000ed000000,0x00000000f0c00000)
  from space 6144K, 58% used [0x00000000f1200000,0x00000000f1588020,0x00000000f1800000)
  to   space 6144K, 0% used [0x00000000f0c00000,0x00000000f0c00000,0x00000000f1200000)
 ParOldGen       total 39936K, used 7944K [0x00000000c7000000, 0x00000000c9700000, 0x00000000ed000000)
  object space 39936K, 19% used [0x00000000c7000000,0x00000000c77c20b0,0x00000000c9700000)
 Metaspace       used 13654K, capacity 14002K, committed 14336K, reserved 1062912K
  class space    used 1596K, capacity 1696K, committed 1792K, reserved 1048576K
}
Event: 8,344 GC heap before
{Heap before GC invocations=7 (full 0):
 PSYoungGen      total 67584K, used 65056K [0x00000000ed000000, 0x00000000f1800000, 0x0000000100000000)
  eden space 61440K, 100% used [0x00000000ed000000,0x00000000f0c00000,0x00000000f0c00000)
  from space 6144K, 58% used [0x00000000f1200000,0x00000000f1588020,0x00000000f1800000)
  to   space 6144K, 0% used [0x00000000f0c00000,0x00000000f0c00000,0x00000000f1200000)
 ParOldGen       total 39936K, used 7944K [0x00000000c7000000, 0x00000000c9700000, 0x00000000ed000000)
  object space 39936K, 19% used [0x00000000c7000000,0x00000000c77c20b0,0x00000000c9700000)
 Metaspace       used 14276K, capacity 14674K, committed 14848K, reserved 1062912K
  class space    used 1645K, capacity 1771K, committed 1792K, reserved 1048576K
Event: 8,377 GC heap after
Heap after GC invocations=7 (full 0):
 PSYoungGen      total 67584K, used 5776K [0x00000000ed000000, 0x00000000f5500000, 0x0000000100000000)
  eden space 61440K, 0% used [0x00000000ed000000,0x00000000ed000000,0x00000000f0c00000)
  from space 6144K, 94% used [0x00000000f0c00000,0x00000000f11a4030,0x00000000f1200000)
  to   space 6656K, 0% used [0x00000000f4e80000,0x00000000f4e80000,0x00000000f5500000)
 ParOldGen       total 39936K, used 8440K [0x00000000c7000000, 0x00000000c9700000, 0x00000000ed000000)
  object space 39936K, 21% used [0x00000000c7000000,0x00000000c783e0b0,0x00000000c9700000)
 Metaspace       used 14276K, capacity 14674K, committed 14848K, reserved 1062912K
  class space    used 1645K, capacity 1771K, committed 1792K, reserved 1048576K
}
Event: 12,114 GC heap before
{Heap before GC invocations=8 (full 0):
 PSYoungGen      total 67584K, used 67213K [0x00000000ed000000, 0x00000000f5500000, 0x0000000100000000)
  eden space 61440K, 99% used [0x00000000ed000000,0x00000000f0bff5f0,0x00000000f0c00000)
  from space 6144K, 94% used [0x00000000f0c00000,0x00000000f11a4030,0x00000000f1200000)
  to   space 6656K, 0% used [0x00000000f4e80000,0x00000000f4e80000,0x00000000f5500000)
 ParOldGen       total 39936K, used 8440K [0x00000000c7000000, 0x00000000c9700000, 0x00000000ed000000)
  object space 39936K, 21% used [0x00000000c7000000,0x00000000c783e0b0,0x00000000c9700000)
 Metaspace       used 18672K, capacity 19278K, committed 19584K, reserved 1067008K
  class space    used 2193K, capacity 2371K, committed 2432K, reserved 1048576K
Event: 12,159 GC heap after
Heap after GC invocations=8 (full 0):
 PSYoungGen      total 128000K, used 6641K [0x00000000ed000000, 0x00000000f5800000, 0x0000000100000000)
  eden space 121344K, 0% used [0x00000000ed000000,0x00000000ed000000,0x00000000f4680000)
  from space 6656K, 99% used [0x00000000f4e80000,0x00000000f54fc618,0x00000000f5500000)
  to   space 8192K, 0% used [0x00000000f4680000,0x00000000f4680000,0x00000000f4e80000)
 ParOldGen       total 39936K, used 10133K [0x00000000c7000000, 0x00000000c9700000, 0x00000000ed000000)
  object space 39936K, 25% used [0x00000000c7000000,0x00000000c79e5428,0x00000000c9700000)
 Metaspace       used 18672K, capacity 19278K, committed 19584K, reserved 1067008K
  class space    used 2193K, capacity 2371K, committed 2432K, reserved 1048576K
}
Event: 105,288 GC heap before
{Heap before GC invocations=9 (full 0):
 PSYoungGen      total 128000K, used 45929K [0x00000000ed000000, 0x00000000f5800000, 0x0000000100000000)
  eden space 121344K, 32% used [0x00000000ed000000,0x00000000ef65de20,0x00000000f4680000)
  from space 6656K, 99% used [0x00000000f4e80000,0x00000000f54fc618,0x00000000f5500000)
  to   space 8192K, 0% used [0x00000000f4680000,0x00000000f4680000,0x00000000f4e80000)
 ParOldGen       total 39936K, used 10133K [0x00000000c7000000, 0x00000000c9700000, 0x00000000ed000000)
  object space 39936K, 25% used [0x00000000c7000000,0x00000000c79e5428,0x00000000c9700000)
 Metaspace       used 20528K, capacity 21070K, committed 21296K, reserved 1069056K
  class space    used 2364K, capacity 2563K, committed 2688K, reserved 1048576K

