# JRE version: OpenJDK Runtime Environment (8.0_45-b14) (build 1.8.0_45-internal-b14)
# Java VM: OpenJDK 64-Bit Server VM (25.45-b02 mixed mode linux-amd64 compressed oops)
Heap:
 PSYoungGen      total 129536K, used 4608K [0x00000000ed000000, 0x00000000f5900000, 0x0000000100000000)
  eden space 120832K, 0% used [0x00000000ed000000,0x00000000ed000000,0x00000000f4600000)
  from space 8704K, 52% used [0x00000000f4600000,0x00000000f4a80020,0x00000000f4e80000)
  to   space 6656K, 0% used [0x00000000f4e80000,0x00000000f4e80000,0x00000000f5500000)
 ParOldGen       total 39936K, used 13701K [0x00000000c7000000, 0x00000000c9700000, 0x00000000ed000000)
  object space 39936K, 34% used [0x00000000c7000000,0x00000000c7d61650,0x00000000c9700000)
 Metaspace       used 20500K, capacity 21100K, committed 21296K, reserved 1069056K
  class space    used 2379K, capacity 2576K, committed 2688K, reserved 1048576K
GC Heap History (10 events):
Event: 3,159 GC heap after
Heap after GC invocations=4 (full 0):
 PSYoungGen      total 32768K, used 2032K [0x00000000ed000000, 0x00000000ef200000, 0x0000000100000000)
  eden space 30720K, 0% used [0x00000000ed000000,0x00000000ed000000,0x00000000eee00000)
  from space 2048K, 99% used [0x00000000ef000000,0x00000000ef1fc010,0x00000000ef200000)
  to   space 2048K, 0% used [0x00000000eee00000,0x00000000eee00000,0x00000000ef000000)
 ParOldGen       total 39936K, used 5010K [0x00000000c7000000, 0x00000000c9700000, 0x00000000ed000000)
  object space 39936K, 12% used [0x00000000c7000000,0x00000000c74e4ac0,0x00000000c9700000)
 Metaspace       used 11787K, capacity 12082K, committed 12416K, reserved 1060864K
  class space    used 1434K, capacity 1554K, committed 1664K, reserved 1048576K
}
Event: 5,075 GC heap before
{Heap before GC invocations=5 (full 0):
 PSYoungGen      total 32768K, used 32752K [0x00000000ed000000, 0x00000000ef200000, 0x0000000100000000)
  eden space 30720K, 100% used [0x00000000ed000000,0x00000000eee00000,0x00000000eee00000)
  from space 2048K, 99% used [0x00000000ef000000,0x00000000ef1fc010,0x00000000ef200000)
  to   space 2048K, 0% used [0x00000000eee00000,0x00000000eee00000,0x00000000ef000000)
 ParOldGen       total 39936K, used 5010K [0x00000000c7000000, 0x00000000c9700000, 0x00000000ed000000)
  object space 39936K, 12% used [0x00000000c7000000,0x00000000c74e4ac0,0x00000000c9700000)
 Metaspace       used 13362K, capacity 13728K, committed 14080K, reserved 1060864K
  class space    used 1576K, capacity 1695K, committed 1792K, reserved 1048576K
Event: 5,092 GC heap after
Heap after GC invocations=5 (full 0):
 PSYoungGen      total 32768K, used 2032K [0x00000000ed000000, 0x00000000f1800000, 0x0000000100000000)
  eden space 30720K, 0% used [0x00000000ed000000,0x00000000ed000000,0x00000000eee00000)
  from space 2048K, 99% used [0x00000000eee00000,0x00000000eeffc010,0x00000000ef000000)
  to   space 6144K, 0% used [0x00000000f1200000,0x00000000f1200000,0x00000000f1800000)
 ParOldGen       total 39936K, used 8298K [0x00000000c7000000, 0x00000000c9700000, 0x00000000ed000000)
  object space 39936K, 20% used [0x00000000c7000000,0x00000000c781aaa0,0x00000000c9700000)
 Metaspace       used 13362K, capacity 13728K, committed 14080K, reserved 1060864K
  class space    used 1576K, capacity 1695K, committed 1792K, reserved 1048576K
}
Event: 6,506 GC heap before
{Heap before GC invocations=6 (full 0):
 PSYoungGen      total 32768K, used 32752K [0x00000000ed000000, 0x00000000f1800000, 0x0000000100000000)
  eden space 30720K, 100% used [0x00000000ed000000,0x00000000eee00000,0x00000000eee00000)
  from space 2048K, 99% used [0x00000000eee00000,0x00000000eeffc010,0x00000000ef000000)
  to   space 6144K, 0% used [0x00000000f1200000,0x00000000f1200000,0x00000000f1800000)
 ParOldGen       total 39936K, used 8298K [0x00000000c7000000, 0x00000000c9700000, 0x00000000ed000000)
  object space 39936K, 20% used [0x00000000c7000000,0x00000000c781aaa0,0x00000000c9700000)
 Metaspace       used 13712K, capacity 14062K, committed 14336K, reserved 1062912K
  class space    used 1593K, capacity 1699K, committed 1792K, reserved 1048576K
Event: 6,516 GC heap after
Heap after GC invocations=6 (full 0):
 PSYoungGen      total 67584K, used 3632K [0x00000000ed000000, 0x00000000f1800000, 0x0000000100000000)
  eden space 61440K, 0% used [0x00000000ed000000,0x00000000ed000000,0x00000000f0c00000)
  from space 6144K, 59% used [0x00000000f1200000,0x00000000f158c010,0x00000000f1800000)
  to   space 6144K, 0% used [0x00000000f0c00000,0x00000000f0c00000,0x00000000f1200000)
 ParOldGen       total 39936K, used 8306K [0x00000000c7000000, 0x00000000c9700000, 0x00000000ed000000)
  object space 39936K, 20% used [0x00000000c7000000,0x00000000c781caa0,0x00000000c9700000)
 Metaspace       used 13712K, capacity 14062K, committed 14336K, reserved 1062912K
  class space    used 1593K, capacity 1699K, committed 1792K, reserved 1048576K
}
Event: 7,716 GC heap before
{Heap before GC invocations=7 (full 0):
 PSYoungGen      total 67584K, used 65072K [0x00000000ed000000, 0x00000000f1800000, 0x0000000100000000)
  eden space 61440K, 100% used [0x00000000ed000000,0x00000000f0c00000,0x00000000f0c00000)
  from space 6144K, 59% used [0x00000000f1200000,0x00000000f158c010,0x00000000f1800000)
  to   space 6144K, 0% used [0x00000000f0c00000,0x00000000f0c00000,0x00000000f1200000)
 ParOldGen       total 39936K, used 8306K [0x00000000c7000000, 0x00000000c9700000, 0x00000000ed000000)
  object space 39936K, 20% used [0x00000000c7000000,0x00000000c781caa0,0x00000000c9700000)
 Metaspace       used 14473K, capacity 14886K, committed 15232K, reserved 1062912K
  class space    used 1670K, capacity 1803K, committed 1920K, reserved 1048576K
Event: 7,731 GC heap after
Heap after GC invocations=7 (full 0):
 PSYoungGen      total 67584K, used 6064K [0x00000000ed000000, 0x00000000f5500000, 0x0000000100000000)
  eden space 61440K, 0% used [0x00000000ed000000,0x00000000ed000000,0x00000000f0c00000)
  from space 6144K, 98% used [0x00000000f0c00000,0x00000000f11ec010,0x00000000f1200000)
  to   space 6656K, 0% used [0x00000000f4e80000,0x00000000f4e80000,0x00000000f5500000)
 ParOldGen       total 39936K, used 8738K [0x00000000c7000000, 0x00000000c9700000, 0x00000000ed000000)
  object space 39936K, 21% used [0x00000000c7000000,0x00000000c7888aa0,0x00000000c9700000)
 Metaspace       used 14473K, capacity 14886K, committed 15232K, reserved 1062912K
  class space    used 1670K, capacity 1803K, committed 1920K, reserved 1048576K
}
Event: 23,643 GC heap before
{Heap before GC invocations=8 (full 0):
 PSYoungGen      total 67584K, used 67504K [0x00000000ed000000, 0x00000000f5500000, 0x0000000100000000)
  eden space 61440K, 100% used [0x00000000ed000000,0x00000000f0c00000,0x00000000f0c00000)
  from space 6144K, 98% used [0x00000000f0c00000,0x00000000f11ec010,0x00000000f1200000)
  to   space 6656K, 0% used [0x00000000f4e80000,0x00000000f4e80000,0x00000000f5500000)
 ParOldGen       total 39936K, used 8738K [0x00000000c7000000, 0x00000000c9700000, 0x00000000ed000000)
  object space 39936K, 21% used [0x00000000c7000000,0x00000000c7888aa0,0x00000000c9700000)
 Metaspace       used 20195K, capacity 20812K, committed 20992K, reserved 1067008K
  class space    used 2343K, capacity 2544K, committed 2560K, reserved 1048576K
Event: 23,810 GC heap after
Heap after GC invocations=8 (full 0):
 PSYoungGen      total 127488K, used 6640K [0x00000000ed000000, 0x00000000f5900000, 0x0000000100000000)
  eden space 120832K, 0% used [0x00000000ed000000,0x00000000ed000000,0x00000000f4600000)
  from space 6656K, 99% used [0x00000000f4e80000,0x00000000f54fc080,0x00000000f5500000)
  to   space 8704K, 0% used [0x00000000f4600000,0x00000000f4600000,0x00000000f4e80000)
 ParOldGen       total 39936K, used 11643K [0x00000000c7000000, 0x00000000c9700000, 0x00000000ed000000)
  object space 39936K, 29% used [0x00000000c7000000,0x00000000c7b5ee10,0x00000000c9700000)
 Metaspace       used 20195K, capacity 20812K, committed 20992K, reserved 1067008K
  class space    used 2343K, capacity 2544K, committed 2560K, reserved 1048576K
}
Event: 24,058 GC heap before
{Heap before GC invocations=9 (full 0):
 PSYoungGen      total 127488K, used 9017K [0x00000000ed000000, 0x00000000f5900000, 0x0000000100000000)
  eden space 120832K, 1% used [0x00000000ed000000,0x00000000ed252558,0x00000000f4600000)
  from space 6656K, 99% used [0x00000000f4e80000,0x00000000f54fc080,0x00000000f5500000)
  to   space 8704K, 0% used [0x00000000f4600000,0x00000000f4600000,0x00000000f4e80000)
 ParOldGen       total 39936K, used 11643K [0x00000000c7000000, 0x00000000c9700000, 0x00000000ed000000)
  object space 39936K, 29% used [0x00000000c7000000,0x00000000c7b5ee10,0x00000000c9700000)
 Metaspace       used 20500K, capacity 21100K, committed 21296K, reserved 1069056K
  class space    used 2379K, capacity 2576K, committed 2688K, reserved 1048576K

