# JRE version: OpenJDK Runtime Environment (8.0_45-b14) (build 1.8.0_45-internal-b14)
# Java VM: OpenJDK 64-Bit Server VM (25.45-b02 mixed mode linux-amd64 compressed oops)
Heap:
 PSYoungGen      total 105472K, used 2961K [0x00000000ed000000, 0x00000000f4600000, 0x0000000100000000)
  eden space 94208K, 0% used [0x00000000ed000000,0x00000000ed000000,0x00000000f2c00000)
  from space 11264K, 26% used [0x00000000f2c00000,0x00000000f2ee44d8,0x00000000f3700000)
  to   space 7168K, 0% used [0x00000000f3700000,0x00000000f3700000,0x00000000f3e00000)
 ParOldGen       total 39936K, used 25315K [0x00000000c7000000, 0x00000000c9700000, 0x00000000ed000000)
  object space 39936K, 63% used [0x00000000c7000000,0x00000000c88b8d10,0x00000000c9700000)
 Metaspace       used 20542K, capacity 21070K, committed 21296K, reserved 1069056K
  class space    used 2364K, capacity 2563K, committed 2688K, reserved 1048576K
GC Heap History (10 events):
Event: 4,675 GC heap after
Heap after GC invocations=6 (full 0):
 PSYoungGen      total 35840K, used 3739K [0x00000000ed000000, 0x00000000ef800000, 0x0000000100000000)
  eden space 30720K, 0% used [0x00000000ed000000,0x00000000ed000000,0x00000000eee00000)
  from space 5120K, 73% used [0x00000000ef300000,0x00000000ef6a6fc8,0x00000000ef800000)
  to   space 5120K, 0% used [0x00000000eee00000,0x00000000eee00000,0x00000000ef300000)
 ParOldGen       total 39936K, used 6160K [0x00000000c7000000, 0x00000000c9700000, 0x00000000ed000000)
  object space 39936K, 15% used [0x00000000c7000000,0x00000000c76042d0,0x00000000c9700000)
 Metaspace       used 13296K, capacity 13670K, committed 13824K, reserved 1060864K
  class space    used 1578K, capacity 1694K, committed 1792K, reserved 1048576K
}
Event: 6,153 GC heap before
{Heap before GC invocations=7 (full 0):
 PSYoungGen      total 35840K, used 34459K [0x00000000ed000000, 0x00000000ef800000, 0x0000000100000000)
  eden space 30720K, 100% used [0x00000000ed000000,0x00000000eee00000,0x00000000eee00000)
  from space 5120K, 73% used [0x00000000ef300000,0x00000000ef6a6fc8,0x00000000ef800000)
  to   space 5120K, 0% used [0x00000000eee00000,0x00000000eee00000,0x00000000ef300000)
 ParOldGen       total 39936K, used 6160K [0x00000000c7000000, 0x00000000c9700000, 0x00000000ed000000)
  object space 39936K, 15% used [0x00000000c7000000,0x00000000c76042d0,0x00000000c9700000)
 Metaspace       used 13627K, capacity 14002K, committed 14336K, reserved 1062912K
  class space    used 1596K, capacity 1696K, committed 1792K, reserved 1048576K
Event: 6,162 GC heap after
Heap after GC invocations=7 (full 0):
 PSYoungGen      total 35840K, used 4208K [0x00000000ed000000, 0x00000000f1700000, 0x0000000100000000)
  eden space 30720K, 0% used [0x00000000ed000000,0x00000000ed000000,0x00000000eee00000)
  from space 5120K, 82% used [0x00000000eee00000,0x00000000ef21c010,0x00000000ef300000)
  to   space 5632K, 0% used [0x00000000f1180000,0x00000000f1180000,0x00000000f1700000)
 ParOldGen       total 39936K, used 6752K [0x00000000c7000000, 0x00000000c9700000, 0x00000000ed000000)
  object space 39936K, 16% used [0x00000000c7000000,0x00000000c7698310,0x00000000c9700000)
 Metaspace       used 13627K, capacity 14002K, committed 14336K, reserved 1062912K
  class space    used 1596K, capacity 1696K, committed 1792K, reserved 1048576K
}
Event: 6,900 GC heap before
{Heap before GC invocations=8 (full 0):
 PSYoungGen      total 35840K, used 34928K [0x00000000ed000000, 0x00000000f1700000, 0x0000000100000000)
  eden space 30720K, 100% used [0x00000000ed000000,0x00000000eee00000,0x00000000eee00000)
  from space 5120K, 82% used [0x00000000eee00000,0x00000000ef21c010,0x00000000ef300000)
  to   space 5632K, 0% used [0x00000000f1180000,0x00000000f1180000,0x00000000f1700000)
 ParOldGen       total 39936K, used 6752K [0x00000000c7000000, 0x00000000c9700000, 0x00000000ed000000)
  object space 39936K, 16% used [0x00000000c7000000,0x00000000c7698310,0x00000000c9700000)
 Metaspace       used 13855K, capacity 14202K, committed 14336K, reserved 1062912K
  class space    used 1598K, capacity 1699K, committed 1792K, reserved 1048576K
Event: 6,925 GC heap after
Heap after GC invocations=8 (full 0):
 PSYoungGen      total 67072K, used 4800K [0x00000000ed000000, 0x00000000f1700000, 0x0000000100000000)
  eden space 61440K, 0% used [0x00000000ed000000,0x00000000ed000000,0x00000000f0c00000)
  from space 5632K, 85% used [0x00000000f1180000,0x00000000f1630000,0x00000000f1700000)
  to   space 5632K, 0% used [0x00000000f0c00000,0x00000000f0c00000,0x00000000f1180000)
 ParOldGen       total 39936K, used 7344K [0x00000000c7000000, 0x00000000c9700000, 0x00000000ed000000)
  object space 39936K, 18% used [0x00000000c7000000,0x00000000c772c310,0x00000000c9700000)
 Metaspace       used 13855K, capacity 14202K, committed 14336K, reserved 1062912K
  class space    used 1598K, capacity 1699K, committed 1792K, reserved 1048576K
}
Event: 8,300 GC heap before
{Heap before GC invocations=9 (full 0):
 PSYoungGen      total 67072K, used 66240K [0x00000000ed000000, 0x00000000f1700000, 0x0000000100000000)
  eden space 61440K, 100% used [0x00000000ed000000,0x00000000f0c00000,0x00000000f0c00000)
  from space 5632K, 85% used [0x00000000f1180000,0x00000000f1630000,0x00000000f1700000)
  to   space 5632K, 0% used [0x00000000f0c00000,0x00000000f0c00000,0x00000000f1180000)
 ParOldGen       total 39936K, used 7344K [0x00000000c7000000, 0x00000000c9700000, 0x00000000ed000000)
  object space 39936K, 18% used [0x00000000c7000000,0x00000000c772c310,0x00000000c9700000)
 Metaspace       used 14997K, capacity 15402K, committed 15488K, reserved 1062912K
  class space    used 1715K, capacity 1843K, committed 1920K, reserved 1048576K
Event: 8,318 GC heap after
Heap after GC invocations=9 (full 0):
 PSYoungGen      total 67072K, used 5619K [0x00000000ed000000, 0x00000000f3e00000, 0x0000000100000000)
  eden space 61440K, 0% used [0x00000000ed000000,0x00000000ed000000,0x00000000f0c00000)
  from space 5632K, 99% used [0x00000000f0c00000,0x00000000f117cfe0,0x00000000f1180000)
  to   space 7168K, 0% used [0x00000000f3700000,0x00000000f3700000,0x00000000f3e00000)
 ParOldGen       total 39936K, used 9875K [0x00000000c7000000, 0x00000000c9700000, 0x00000000ed000000)
  object space 39936K, 24% used [0x00000000c7000000,0x00000000c79a4f58,0x00000000c9700000)
 Metaspace       used 14997K, capacity 15402K, committed 15488K, reserved 1062912K
  class space    used 1715K, capacity 1843K, committed 1920K, reserved 1048576K
}
Event: 24,594 GC heap before
{Heap before GC invocations=10 (full 0):
 PSYoungGen      total 67072K, used 67059K [0x00000000ed000000, 0x00000000f3e00000, 0x0000000100000000)
  eden space 61440K, 100% used [0x00000000ed000000,0x00000000f0c00000,0x00000000f0c00000)
  from space 5632K, 99% used [0x00000000f0c00000,0x00000000f117cfe0,0x00000000f1180000)
  to   space 7168K, 0% used [0x00000000f3700000,0x00000000f3700000,0x00000000f3e00000)
 ParOldGen       total 39936K, used 9875K [0x00000000c7000000, 0x00000000c9700000, 0x00000000ed000000)
  object space 39936K, 24% used [0x00000000c7000000,0x00000000c79a4f58,0x00000000c9700000)
 Metaspace       used 20280K, capacity 20878K, committed 21120K, reserved 1067008K
  class space    used 2349K, capacity 2563K, committed 2688K, reserved 1048576K
Event: 24,659 GC heap after
Heap after GC invocations=10 (full 0):
 PSYoungGen      total 101376K, used 7141K [0x00000000ed000000, 0x00000000f4600000, 0x0000000100000000)
  eden space 94208K, 0% used [0x00000000ed000000,0x00000000ed000000,0x00000000f2c00000)
  from space 7168K, 99% used [0x00000000f3700000,0x00000000f3df9700,0x00000000f3e00000)
  to   space 11264K, 0% used [0x00000000f2c00000,0x00000000f2c00000,0x00000000f3700000)
 ParOldGen       total 39936K, used 18236K [0x00000000c7000000, 0x00000000c9700000, 0x00000000ed000000)
  object space 39936K, 45% used [0x00000000c7000000,0x00000000c81cf038,0x00000000c9700000)
 Metaspace       used 20280K, capacity 20878K, committed 21120K, reserved 1067008K
  class space    used 2349K, capacity 2563K, committed 2688K, reserved 1048576K
}
Event: 47,545 GC heap before
{Heap before GC invocations=11 (full 0):
 PSYoungGen      total 101376K, used 18674K [0x00000000ed000000, 0x00000000f4600000, 0x0000000100000000)
  eden space 94208K, 12% used [0x00000000ed000000,0x00000000edb432e8,0x00000000f2c00000)
  from space 7168K, 99% used [0x00000000f3700000,0x00000000f3df9700,0x00000000f3e00000)
  to   space 11264K, 0% used [0x00000000f2c00000,0x00000000f2c00000,0x00000000f3700000)
 ParOldGen       total 39936K, used 18236K [0x00000000c7000000, 0x00000000c9700000, 0x00000000ed000000)
  object space 39936K, 45% used [0x00000000c7000000,0x00000000c81cf038,0x00000000c9700000)
 Metaspace       used 20542K, capacity 21070K, committed 21296K, reserved 1069056K
  class space    used 2364K, capacity 2563K, committed 2688K, reserved 1048576K

