# JRE version: OpenJDK Runtime Environment (8.0_45-b14) (build 1.8.0_45-internal-b14)
# Java VM: OpenJDK 64-Bit Server VM (25.45-b02 mixed mode linux-amd64 compressed oops)
Heap:
 PSYoungGen      total 83456K, used 512K [0x00000000ed000000, 0x00000000f2e00000, 0x0000000100000000)
  eden space 74752K, 0% used [0x00000000ed000000,0x00000000ed000000,0x00000000f1900000)
  from space 8704K, 5% used [0x00000000f1900000,0x00000000f1980000,0x00000000f2180000)
  to   space 4608K, 0% used [0x00000000f2180000,0x00000000f2180000,0x00000000f2600000)
 ParOldGen       total 39936K, used 27132K [0x00000000c7000000, 0x00000000c9700000, 0x00000000ed000000)
  object space 39936K, 67% used [0x00000000c7000000,0x00000000c8a7f318,0x00000000c9700000)
 Metaspace       used 20534K, capacity 21070K, committed 21296K, reserved 1069056K
  class space    used 2364K, capacity 2563K, committed 2688K, reserved 1048576K
GC Heap History (10 events):
Event: 8,276 GC heap after
Heap after GC invocations=8 (full 0):
 PSYoungGen      total 35840K, used 3568K [0x00000000ed000000, 0x00000000ef800000, 0x0000000100000000)
  eden space 30720K, 0% used [0x00000000ed000000,0x00000000ed000000,0x00000000eee00000)
  from space 5120K, 69% used [0x00000000ef300000,0x00000000ef67c010,0x00000000ef800000)
  to   space 5120K, 0% used [0x00000000eee00000,0x00000000eee00000,0x00000000ef300000)
 ParOldGen       total 39936K, used 7426K [0x00000000c7000000, 0x00000000c9700000, 0x00000000ed000000)
  object space 39936K, 18% used [0x00000000c7000000,0x00000000c7740950,0x00000000c9700000)
 Metaspace       used 13638K, capacity 14002K, committed 14336K, reserved 1062912K
  class space    used 1596K, capacity 1696K, committed 1792K, reserved 1048576K
}
Event: 8,809 GC heap before
{Heap before GC invocations=9 (full 0):
 PSYoungGen      total 35840K, used 34288K [0x00000000ed000000, 0x00000000ef800000, 0x0000000100000000)
  eden space 30720K, 100% used [0x00000000ed000000,0x00000000eee00000,0x00000000eee00000)
  from space 5120K, 69% used [0x00000000ef300000,0x00000000ef67c010,0x00000000ef800000)
  to   space 5120K, 0% used [0x00000000eee00000,0x00000000eee00000,0x00000000ef300000)
 ParOldGen       total 39936K, used 7426K [0x00000000c7000000, 0x00000000c9700000, 0x00000000ed000000)
  object space 39936K, 18% used [0x00000000c7000000,0x00000000c7740950,0x00000000c9700000)
 Metaspace       used 13854K, capacity 14202K, committed 14336K, reserved 1062912K
  class space    used 1598K, capacity 1699K, committed 1792K, reserved 1048576K
Event: 8,823 GC heap after
Heap after GC invocations=9 (full 0):
 PSYoungGen      total 35840K, used 2592K [0x00000000ed000000, 0x00000000f0a00000, 0x0000000100000000)
  eden space 30720K, 0% used [0x00000000ed000000,0x00000000ed000000,0x00000000eee00000)
  from space 5120K, 50% used [0x00000000eee00000,0x00000000ef088000,0x00000000ef300000)
  to   space 5120K, 0% used [0x00000000f0500000,0x00000000f0500000,0x00000000f0a00000)
 ParOldGen       total 39936K, used 9532K [0x00000000c7000000, 0x00000000c9700000, 0x00000000ed000000)
  object space 39936K, 23% used [0x00000000c7000000,0x00000000c794f180,0x00000000c9700000)
 Metaspace       used 13854K, capacity 14202K, committed 14336K, reserved 1062912K
  class space    used 1598K, capacity 1699K, committed 1792K, reserved 1048576K
}
Event: 9,455 GC heap before
{Heap before GC invocations=10 (full 0):
 PSYoungGen      total 35840K, used 33312K [0x00000000ed000000, 0x00000000f0a00000, 0x0000000100000000)
  eden space 30720K, 100% used [0x00000000ed000000,0x00000000eee00000,0x00000000eee00000)
  from space 5120K, 50% used [0x00000000eee00000,0x00000000ef088000,0x00000000ef300000)
  to   space 5120K, 0% used [0x00000000f0500000,0x00000000f0500000,0x00000000f0a00000)
 ParOldGen       total 39936K, used 9532K [0x00000000c7000000, 0x00000000c9700000, 0x00000000ed000000)
  object space 39936K, 23% used [0x00000000c7000000,0x00000000c794f180,0x00000000c9700000)
 Metaspace       used 14246K, capacity 14674K, committed 14848K, reserved 1062912K
  class space    used 1637K, capacity 1771K, committed 1792K, reserved 1048576K
Event: 9,473 GC heap after
Heap after GC invocations=10 (full 0):
 PSYoungGen      total 54272K, used 2960K [0x00000000ed000000, 0x00000000f0a00000, 0x0000000100000000)
  eden space 49152K, 0% used [0x00000000ed000000,0x00000000ed000000,0x00000000f0000000)
  from space 5120K, 57% used [0x00000000f0500000,0x00000000f07e4010,0x00000000f0a00000)
  to   space 5120K, 0% used [0x00000000f0000000,0x00000000f0000000,0x00000000f0500000)
 ParOldGen       total 39936K, used 10668K [0x00000000c7000000, 0x00000000c9700000, 0x00000000ed000000)
  object space 39936K, 26% used [0x00000000c7000000,0x00000000c7a6b180,0x00000000c9700000)
 Metaspace       used 14246K, capacity 14674K, committed 14848K, reserved 1062912K
  class space    used 1637K, capacity 1771K, committed 1792K, reserved 1048576K
}
Event: 12,332 GC heap before
{Heap before GC invocations=11 (full 0):
 PSYoungGen      total 54272K, used 52112K [0x00000000ed000000, 0x00000000f0a00000, 0x0000000100000000)
  eden space 49152K, 100% used [0x00000000ed000000,0x00000000f0000000,0x00000000f0000000)
  from space 5120K, 57% used [0x00000000f0500000,0x00000000f07e4010,0x00000000f0a00000)
  to   space 5120K, 0% used [0x00000000f0000000,0x00000000f0000000,0x00000000f0500000)
 ParOldGen       total 39936K, used 10668K [0x00000000c7000000, 0x00000000c9700000, 0x00000000ed000000)
  object space 39936K, 26% used [0x00000000c7000000,0x00000000c7a6b180,0x00000000c9700000)
 Metaspace       used 17265K, capacity 17838K, committed 18176K, reserved 1064960K
  class space    used 2016K, capacity 2211K, committed 2304K, reserved 1048576K
Event: 12,340 GC heap after
Heap after GC invocations=11 (full 0):
 PSYoungGen      total 54272K, used 3326K [0x00000000ed000000, 0x00000000f2600000, 0x0000000100000000)
  eden space 49152K, 0% used [0x00000000ed000000,0x00000000ed000000,0x00000000f0000000)
  from space 5120K, 64% used [0x00000000f0000000,0x00000000f033fb88,0x00000000f0500000)
  to   space 4608K, 0% used [0x00000000f2180000,0x00000000f2180000,0x00000000f2600000)
 ParOldGen       total 39936K, used 12892K [0x00000000c7000000, 0x00000000c9700000, 0x00000000ed000000)
  object space 39936K, 32% used [0x00000000c7000000,0x00000000c7c97180,0x00000000c9700000)
 Metaspace       used 17265K, capacity 17838K, committed 18176K, reserved 1064960K
  class space    used 2016K, capacity 2211K, committed 2304K, reserved 1048576K
}
Event: 16,882 GC heap before
{Heap before GC invocations=12 (full 0):
 PSYoungGen      total 54272K, used 52478K [0x00000000ed000000, 0x00000000f2600000, 0x0000000100000000)
  eden space 49152K, 100% used [0x00000000ed000000,0x00000000f0000000,0x00000000f0000000)
  from space 5120K, 64% used [0x00000000f0000000,0x00000000f033fb88,0x00000000f0500000)
  to   space 4608K, 0% used [0x00000000f2180000,0x00000000f2180000,0x00000000f2600000)
 ParOldGen       total 39936K, used 12892K [0x00000000c7000000, 0x00000000c9700000, 0x00000000ed000000)
  object space 39936K, 32% used [0x00000000c7000000,0x00000000c7c97180,0x00000000c9700000)
 Metaspace       used 20473K, capacity 21006K, committed 21296K, reserved 1069056K
  class space    used 2364K, capacity 2563K, committed 2688K, reserved 1048576K
Event: 16,910 GC heap after
Heap after GC invocations=12 (full 0):
 PSYoungGen      total 79360K, used 4587K [0x00000000ed000000, 0x00000000f2e00000, 0x0000000100000000)
  eden space 74752K, 0% used [0x00000000ed000000,0x00000000ed000000,0x00000000f1900000)
  from space 4608K, 99% used [0x00000000f2180000,0x00000000f25fad10,0x00000000f2600000)
  to   space 8704K, 0% used [0x00000000f1900000,0x00000000f1900000,0x00000000f2180000)
 ParOldGen       total 39936K, used 22523K [0x00000000c7000000, 0x00000000c9700000, 0x00000000ed000000)
  object space 39936K, 56% used [0x00000000c7000000,0x00000000c85fec88,0x00000000c9700000)
 Metaspace       used 20473K, capacity 21006K, committed 21296K, reserved 1069056K
  class space    used 2364K, capacity 2563K, committed 2688K, reserved 1048576K
}
Event: 17,261 GC heap before
{Heap before GC invocations=13 (full 0):
 PSYoungGen      total 79360K, used 9057K [0x00000000ed000000, 0x00000000f2e00000, 0x0000000100000000)
  eden space 74752K, 5% used [0x00000000ed000000,0x00000000ed45d770,0x00000000f1900000)
  from space 4608K, 99% used [0x00000000f2180000,0x00000000f25fad10,0x00000000f2600000)
  to   space 8704K, 0% used [0x00000000f1900000,0x00000000f1900000,0x00000000f2180000)
 ParOldGen       total 39936K, used 22523K [0x00000000c7000000, 0x00000000c9700000, 0x00000000ed000000)
  object space 39936K, 56% used [0x00000000c7000000,0x00000000c85fec88,0x00000000c9700000)
 Metaspace       used 20534K, capacity 21070K, committed 21296K, reserved 1069056K
  class space    used 2364K, capacity 2563K, committed 2688K, reserved 1048576K

